System.Net Information: 0 : [1744] Current OS installation type is 'Client'.
System.Net Information: 0 : [1744] RAS supported: True
System.Net Information: 0 : [1744] Associating HttpWebRequest#42604054 with ServicePoint#3456706
System.Net Information: 0 : [1744] Associating Connection#60789260 with HttpWebRequest#42604054
System.Net Information: 0 : [1744] Connection#60789260 - Created connection from 192.168.178.24:4627 to 37.200.99.34:80.
System.Net Information: 0 : [1744] Associating HttpWebRequest#42604054 with ConnectStream#34610141
System.Net Information: 0 : [1744] HttpWebRequest#42604054 - Request: POST /api/user HTTP/1.1

System.Net Information: 0 : [1744] ConnectStream#34610141 - Sending headers
{
Content-Type: application/x-www-form-urlencoded
Accept: application/json
Host: airbrush.nucular-bacon.com
Content-Length: 60
Expect: 100-continue
Connection: Keep-Alive
}.
System.Net Information: 0 : [1744] Connection#60789260 - Received status line: Version=1.1, StatusCode=100, StatusDescription=Continue.
System.Net Information: 0 : [1744] Connection#60789260 - Received headers
{

}.
System.Net Information: 0 : [1744] Connection#60789260 - Received status line: Version=1.1, StatusCode=201, StatusDescription=Created.
System.Net Information: 0 : [1744] Connection#60789260 - Received headers
{
Access-Control-Allow-Origin: *
Keep-Alive: timeout=5, max=100
Connection: Keep-Alive
Content-Length: 142
Content-Type: application/json; charset=utf-8
Date: Mon, 10 Feb 2014 00:03:52 GMT
Server: Apache/2.2.22 (Ubuntu)
X-Powered-By: PHP/5.3.10-1ubuntu3.8
}.
System.Net Information: 0 : [1744] ConnectStream#5506821::ConnectStream(Buffered 142 bytes.)
System.Net Information: 0 : [1744] Associating HttpWebRequest#42604054 with ConnectStream#5506821
System.Net Information: 0 : [1744] Associating HttpWebRequest#42604054 with HttpWebResponse#2425794
System.Net Information: 0 : [1744] ContentLength=142
System.Net Information: 0 : [4956] ServicePoint#3456706 - Closed as idle.
System.Net Information: 0 : [4956] ServicePoint#3456706 - ConnectionGroup#62476613 - Closed as idle.
